#
# There is insufficient memory for the Java Runtime Environment to continue.
# Native memory allocation (mmap) failed to map 37748736 bytes for G1 virtual space
# Possible reasons:
#   The system is out of physical RAM or swap space
#   The process is running with CompressedOops enabled, and the Java Heap may be blocking the growth of the native heap
# Possible solutions:
#   Reduce memory load on the system
#   Increase physical memory or swap space
#   Check if swap backing store is full
#   Decrease Java heap size (-Xmx/-Xms)
#   Decrease number of Java threads
#   Decrease Java thread stack sizes (-Xss)
#   Set larger code cache with -XX:ReservedCodeCacheSize=
#   JVM is running with Zero Based Compressed Oops mode in which the Java heap is
#     placed in the first 32GB address space. The Java Heap base address is the
#     maximum limit for the native heap growth. Please use -XX:HeapBaseMinAddress
#     to set the Java Heap base and to place the Java Heap above 32GB virtual address.
# This output file may be truncated or incomplete.
#
#  Out of Memory Error (os_windows.cpp:3825), pid=5100, tid=16332
#
# JRE version: OpenJDK Runtime Environment (17.0.9) (build 17.0.9+0--11185874)
# Java VM: OpenJDK 64-Bit Server VM (17.0.9+0--11185874, mixed mode, tiered, compressed oops, compressed class ptrs, g1 gc, windows-amd64)
# No core dump will be written. Minidumps are not enabled by default on client versions of Windows
#

---------------  S U M M A R Y ------------

Command Line: org.jetbrains.kotlin.cli.jvm.K2JVMCompiler @F:\Kotlin\project5\app\build\20240517_10611442798905423242.compiler.options

Host: 11th Gen Intel(R) Core(TM) i5-11400F @ 2.60GHz, 12 cores, 15G,  Windows 11 , 64 bit Build 22621 (10.0.22621.3374)
Time: Fri May 17 11:55:17 2024 RTZ 2 (s 11 , 64 bit Build 22621 (10.0.22621.3374) elapsed time: 6.855178 seconds (0d 0h 0m 6s)

---------------  T H R E A D  ---------------

Current thread (0x000002734300afa0):  VMThread "VM Thread" [stack: 0x000000b61e100000,0x000000b61e200000] [id=16332]

Stack: [0x000000b61e100000,0x000000b61e200000]
Native frames: (J=compiled Java code, j=interpreted, Vv=VM code, C=native code)
V  [jvm.dll+0x6886e9]
V  [jvm.dll+0x841e4a]
V  [jvm.dll+0x843a8e]
V  [jvm.dll+0x8440f3]
V  [jvm.dll+0x24c14f]
V  [jvm.dll+0x685499]
V  [jvm.dll+0x679c2a]
V  [jvm.dll+0x30cf9b]
V  [jvm.dll+0x314446]
V  [jvm.dll+0x36425e]
V  [jvm.dll+0x36448f]
V  [jvm.dll+0x2e2d68]
V  [jvm.dll+0x2e0f44]
V  [jvm.dll+0x2e054c]
V  [jvm.dll+0x3253fb]
V  [jvm.dll+0x8487eb]
V  [jvm.dll+0x849531]
V  [jvm.dll+0x849a4d]
V  [jvm.dll+0x849e24]
V  [jvm.dll+0x849ef0]
V  [jvm.dll+0x7f06aa]
V  [jvm.dll+0x687565]
C  [ucrtbase.dll+0x29333]
C  [KERNEL32.DLL+0x1257d]
C  [ntdll.dll+0x5aa48]

VM_Operation (0x000000b61dbfb5d0): G1CollectForAllocation, mode: safepoint, requested by thread 0x000002731ff79290


---------------  P R O C E S S  ---------------

Threads class SMR info:
_java_thread_list=0x0000027344b39020, length=14, elements={
0x000002731ff79290, 0x0000027343060070, 0x0000027343061150, 0x00000273430bc2a0,
0x00000273430bce60, 0x00000273430bd920, 0x00000273430b5f10, 0x00000273430b6e20,
0x00000273430b7820, 0x00000273430e2b70, 0x000002734326dd50, 0x0000027343282010,
0x00000273432f0fb0, 0x000002734456cf30
}

Java Threads: ( => current thread )
  0x000002731ff79290 JavaThread "main" [_thread_blocked, id=7900, stack(0x000000b61db00000,0x000000b61dc00000)]
  0x0000027343060070 JavaThread "Reference Handler" daemon [_thread_blocked, id=4584, stack(0x000000b61e200000,0x000000b61e300000)]
  0x0000027343061150 JavaThread "Finalizer" daemon [_thread_blocked, id=10020, stack(0x000000b61e300000,0x000000b61e400000)]
  0x00000273430bc2a0 JavaThread "Signal Dispatcher" daemon [_thread_blocked, id=12220, stack(0x000000b61e400000,0x000000b61e500000)]
  0x00000273430bce60 JavaThread "Attach Listener" daemon [_thread_blocked, id=6128, stack(0x000000b61e500000,0x000000b61e600000)]
  0x00000273430bd920 JavaThread "Service Thread" daemon [_thread_blocked, id=9488, stack(0x000000b61e600000,0x000000b61e700000)]
  0x00000273430b5f10 JavaThread "Monitor Deflation Thread" daemon [_thread_blocked, id=15468, stack(0x000000b61e700000,0x000000b61e800000)]
  0x00000273430b6e20 JavaThread "C2 CompilerThread0" daemon [_thread_blocked, id=8040, stack(0x000000b61e800000,0x000000b61e900000)]
  0x00000273430b7820 JavaThread "C1 CompilerThread0" daemon [_thread_blocked, id=12360, stack(0x000000b61e900000,0x000000b61ea00000)]
  0x00000273430e2b70 JavaThread "Sweeper thread" daemon [_thread_blocked, id=15500, stack(0x000000b61ea00000,0x000000b61eb00000)]
  0x000002734326dd50 JavaThread "Notification Thread" daemon [_thread_blocked, id=8892, stack(0x000000b61eb00000,0x000000b61ec00000)]
  0x0000027343282010 JavaThread "Common-Cleaner" daemon [_thread_blocked, id=7880, stack(0x000000b61ed00000,0x000000b61ee00000)]
  0x00000273432f0fb0 JavaThread "C2 CompilerThread1" daemon [_thread_blocked, id=3028, stack(0x000000b61ee00000,0x000000b61ef00000)]
  0x000002734456cf30 JavaThread "C2 CompilerThread2" daemon [_thread_blocked, id=13280, stack(0x000000b61fa00000,0x000000b61fb00000)]

Other Threads:
=>0x000002734300afa0 VMThread "VM Thread" [stack: 0x000000b61e100000,0x000000b61e200000] [id=16332]
  0x000002734325d980 WatcherThread [stack: 0x000000b61ec00000,0x000000b61ed00000] [id=1888]
  0x000002731ffe8610 GCTaskThread "GC Thread#0" [stack: 0x000000b61dc00000,0x000000b61dd00000] [id=1948]
  0x00000273432ef200 GCTaskThread "GC Thread#1" [stack: 0x000000b61ef00000,0x000000b61f000000] [id=7284]
  0x00000273432ee440 GCTaskThread "GC Thread#2" [stack: 0x000000b61f000000,0x000000b61f100000] [id=15660]
  0x00000273432ee9c0 GCTaskThread "GC Thread#3" [stack: 0x000000b61f100000,0x000000b61f200000] [id=2892]
  0x00000273432ee180 GCTaskThread "GC Thread#4" [stack: 0x000000b61f200000,0x000000b61f300000] [id=10688]
  0x00000273432ee700 GCTaskThread "GC Thread#5" [stack: 0x000000b61f300000,0x000000b61f400000] [id=5028]
  0x00000273432eef40 GCTaskThread "GC Thread#6" [stack: 0x000000b61f400000,0x000000b61f500000] [id=10028]
  0x00000273432edec0 GCTaskThread "GC Thread#7" [stack: 0x000000b61f500000,0x000000b61f600000] [id=6708]
  0x00000273432eec80 GCTaskThread "GC Thread#8" [stack: 0x000000b61f600000,0x000000b61f700000] [id=9516]
  0x0000027343f2b3b0 GCTaskThread "GC Thread#9" [stack: 0x000000b61f900000,0x000000b61fa00000] [id=8240]
  0x000002731fff93a0 ConcurrentGCThread "G1 Main Marker" [stack: 0x000000b61dd00000,0x000000b61de00000] [id=1264]
  0x000002731fffa560 ConcurrentGCThread "G1 Conc#0" [stack: 0x000000b61de00000,0x000000b61df00000] [id=5952]
  0x00000273432ed680 ConcurrentGCThread "G1 Conc#1" [stack: 0x000000b61f700000,0x000000b61f800000] [id=2600]
  0x0000027343f2ab70 ConcurrentGCThread "G1 Conc#2" [stack: 0x000000b61f800000,0x000000b61f900000] [id=404]
  0x000002733ec0d610 ConcurrentGCThread "G1 Refine#0" [stack: 0x000000b61df00000,0x000000b61e000000] [id=8376]
  0x0000027343f7ff20 ConcurrentGCThread "G1 Refine#1" [stack: 0x000000b61fb00000,0x000000b61fc00000] [id=8700]
  0x0000027344637c00 ConcurrentGCThread "G1 Refine#2" [stack: 0x000000b61fc00000,0x000000b61fd00000] [id=7972]
  0x000002733ec0e040 ConcurrentGCThread "G1 Service" [stack: 0x000000b61e000000,0x000000b61e100000] [id=4556]

Threads with active compile tasks:
C2 CompilerThread0     6861 14847       4       org.jetbrains.kotlin.com.intellij.extapi.psi.ASTDelegatePsiElement::getTextRange (10 bytes)

VM state: at safepoint (normal execution)

VM Mutex/Monitor currently owned by a thread:  ([mutex/lock_event])
[0x000002731ff74c60] Threads_lock - owner thread: 0x000002734300afa0
[0x000002731ff74ab0] Heap_lock - owner thread: 0x000002731ff79290

Heap address: 0x0000000701c00000, size: 4068 MB, Compressed Oops mode: Zero based, Oop shift amount: 3

CDS archive(s) not mapped
Compressed class space mapped at: 0x0000000800000000-0x0000000840000000, reserved size: 1073741824
Narrow klass base: 0x0000000800000000, Narrow klass shift: 0, Narrow klass range: 0x40000000

GC Precious Log:
 CPUs: 12 total, 12 available
 Memory: 16265M
 Large Page Support: Disabled
 NUMA Support: Disabled
 Compressed Oops: Enabled (Zero based)
 Heap Region Size: 2M
 Heap Min Capacity: 8M
 Heap Initial Capacity: 256M
 Heap Max Capacity: 4068M
 Pre-touch: Disabled
 Parallel Workers: 10
 Concurrent Workers: 3
 Concurrent Refinement Workers: 10
 Periodic GC: Disabled

Heap:
 garbage-first heap   total 225280K, used 78120K [0x0000000701c00000, 0x0000000800000000)
  region size 2048K, 1 young (2048K), 1 survivors (2048K)
 Metaspace       used 86684K, committed 87040K, reserved 1179648K
  class space    used 9583K, committed 9728K, reserved 1048576K

Heap Regions: E=young(eden), S=young(survivor), O=old, HS=humongous(starts), HC=humongous(continues), CS=collection set, F=free, OA=open archive, CA=closed archive, TAMS=top-at-mark-start (previous, next)
|   0|0x0000000701c00000, 0x0000000701e00000, 0x0000000701e00000|100%|HS|  |TAMS 0x0000000701e00000, 0x0000000701e00000| Complete 
|   1|0x0000000701e00000, 0x0000000702000000, 0x0000000702000000|100%|HC|  |TAMS 0x0000000702000000, 0x0000000702000000| Complete 
|   2|0x0000000702000000, 0x0000000702000000, 0x0000000702200000|  0%| F|  |TAMS 0x0000000702000000, 0x0000000702000000| Untracked 
|   3|0x0000000702200000, 0x0000000702400000, 0x0000000702400000|100%| O|  |TAMS 0x0000000702400000, 0x0000000702400000| Untracked 
|   4|0x0000000702400000, 0x0000000702600000, 0x0000000702600000|100%| O|  |TAMS 0x0000000702600000, 0x0000000702600000| Untracked 
|   5|0x0000000702600000, 0x0000000702800000, 0x0000000702800000|100%| O|  |TAMS 0x0000000702800000, 0x0000000702800000| Untracked 
|   6|0x0000000702800000, 0x0000000702a00000, 0x0000000702a00000|100%| O|  |TAMS 0x0000000702a00000, 0x0000000702a00000| Untracked 
|   7|0x0000000702a00000, 0x0000000702c00000, 0x0000000702c00000|100%| O|  |TAMS 0x0000000702c00000, 0x0000000702c00000| Untracked 
|   8|0x0000000702c00000, 0x0000000702e00000, 0x0000000702e00000|100%| O|  |TAMS 0x0000000702e00000, 0x0000000702e00000| Untracked 
|   9|0x0000000702e00000, 0x0000000703000000, 0x0000000703000000|100%| O|  |TAMS 0x0000000703000000, 0x0000000703000000| Untracked 
|  10|0x0000000703000000, 0x0000000703200000, 0x0000000703200000|100%| O|  |TAMS 0x0000000703200000, 0x0000000703200000| Untracked 
|  11|0x0000000703200000, 0x0000000703400000, 0x0000000703400000|100%| O|  |TAMS 0x0000000703400000, 0x0000000703400000| Untracked 
|  12|0x0000000703400000, 0x0000000703600000, 0x0000000703600000|100%|HS|  |TAMS 0x0000000703600000, 0x0000000703600000| Complete 
|  13|0x0000000703600000, 0x0000000703800000, 0x0000000703800000|100%| O|  |TAMS 0x0000000703800000, 0x0000000703800000| Untracked 
|  14|0x0000000703800000, 0x0000000703a00000, 0x0000000703a00000|100%| O|  |TAMS 0x0000000703a00000, 0x0000000703a00000| Untracked 
|  15|0x0000000703a00000, 0x0000000703c00000, 0x0000000703c00000|100%| O|  |TAMS 0x0000000703c00000, 0x0000000703c00000| Untracked 
|  16|0x0000000703c00000, 0x0000000703e00000, 0x0000000703e00000|100%| O|  |TAMS 0x0000000703e00000, 0x0000000703e00000| Untracked 
|  17|0x0000000703e00000, 0x0000000704000000, 0x0000000704000000|100%| O|  |TAMS 0x0000000704000000, 0x0000000704000000| Untracked 
|  18|0x0000000704000000, 0x0000000704200000, 0x0000000704200000|100%| O|  |TAMS 0x0000000704200000, 0x0000000704200000| Untracked 
|  19|0x0000000704200000, 0x0000000704400000, 0x0000000704400000|100%| O|  |TAMS 0x0000000704400000, 0x0000000704400000| Untracked 
|  20|0x0000000704400000, 0x0000000704600000, 0x0000000704600000|100%| O|  |TAMS 0x0000000704600000, 0x0000000704600000| Untracked 
|  21|0x0000000704600000, 0x0000000704800000, 0x0000000704800000|100%| O|  |TAMS 0x0000000704800000, 0x0000000704800000| Untracked 
|  22|0x0000000704800000, 0x0000000704a00000, 0x0000000704a00000|100%| O|  |TAMS 0x0000000704a00000, 0x0000000704a00000| Untracked 
|  23|0x0000000704a00000, 0x0000000704c00000, 0x0000000704c00000|100%| O|  |TAMS 0x0000000704c00000, 0x0000000704c00000| Untracked 
|  24|0x0000000704c00000, 0x0000000704e00000, 0x0000000704e00000|100%| O|  |TAMS 0x0000000704e00000, 0x0000000704e00000| Untracked 
|  25|0x0000000704e00000, 0x0000000705000000, 0x0000000705000000|100%| O|  |TAMS 0x0000000705000000, 0x0000000705000000| Untracked 
|  26|0x0000000705000000, 0x0000000705200000, 0x0000000705200000|100%| O|  |TAMS 0x0000000705200000, 0x0000000705200000| Untracked 
|  27|0x0000000705200000, 0x0000000705400000, 0x0000000705400000|100%| O|  |TAMS 0x0000000705400000, 0x0000000705400000| Untracked 
|  28|0x0000000705400000, 0x0000000705600000, 0x0000000705600000|100%| O|  |TAMS 0x0000000705600000, 0x0000000705600000| Untracked 
|  29|0x0000000705600000, 0x0000000705800000, 0x0000000705800000|100%| O|  |TAMS 0x0000000705800000, 0x0000000705800000| Untracked 
|  30|0x0000000705800000, 0x0000000705800000, 0x0000000705a00000|  0%| F|  |TAMS 0x0000000705800000, 0x0000000705800000| Untracked 
|  31|0x0000000705a00000, 0x0000000705c00000, 0x0000000705c00000|100%| O|  |TAMS 0x0000000705a00000, 0x0000000705c00000| Untracked 
|  32|0x0000000705c00000, 0x0000000705e00000, 0x0000000705e00000|100%| O|  |TAMS 0x0000000705e00000, 0x0000000705e00000| Untracked 
|  33|0x0000000705e00000, 0x0000000706000000, 0x0000000706000000|100%| O|  |TAMS 0x0000000706000000, 0x0000000706000000| Untracked 
|  34|0x0000000706000000, 0x0000000706200000, 0x0000000706200000|100%| O|  |TAMS 0x0000000706200000, 0x0000000706200000| Untracked 
|  35|0x0000000706200000, 0x0000000706400000, 0x0000000706400000|100%| O|  |TAMS 0x0000000706269a00, 0x0000000706400000| Untracked 
|  36|0x0000000706400000, 0x0000000706600000, 0x0000000706600000|100%| O|  |TAMS 0x0000000706400000, 0x0000000706600000| Untracked 
|  37|0x0000000706600000, 0x0000000706800000, 0x0000000706800000|100%| O|  |TAMS 0x0000000706600000, 0x0000000706800000| Untracked 
|  38|0x0000000706800000, 0x0000000706a00000, 0x0000000706a00000|100%| O|  |TAMS 0x0000000706800000, 0x0000000706a00000| Untracked 
|  39|0x0000000706a00000, 0x0000000706b12e00, 0x0000000706c00000| 53%| O|  |TAMS 0x0000000706a00000, 0x0000000706b12e00| Untracked 
|  40|0x0000000706c00000, 0x0000000706c00000, 0x0000000706e00000|  0%| F|  |TAMS 0x0000000706c00000, 0x0000000706c00000| Untracked 
|  41|0x0000000706e00000, 0x0000000706e00000, 0x0000000707000000|  0%| F|  |TAMS 0x0000000706e00000, 0x0000000706e00000| Untracked 
|  42|0x0000000707000000, 0x0000000707000000, 0x0000000707200000|  0%| F|  |TAMS 0x0000000707000000, 0x0000000707000000| Untracked 
|  43|0x0000000707200000, 0x0000000707200000, 0x0000000707400000|  0%| F|  |TAMS 0x0000000707200000, 0x0000000707200000| Untracked 
|  44|0x0000000707400000, 0x0000000707400000, 0x0000000707600000|  0%| F|  |TAMS 0x0000000707400000, 0x0000000707400000| Untracked 
|  45|0x0000000707600000, 0x0000000707600000, 0x0000000707800000|  0%| F|  |TAMS 0x0000000707600000, 0x0000000707600000| Untracked 
|  46|0x0000000707800000, 0x0000000707800000, 0x0000000707a00000|  0%| F|  |TAMS 0x0000000707800000, 0x0000000707800000| Untracked 
|  47|0x0000000707a00000, 0x0000000707a00000, 0x0000000707c00000|  0%| F|  |TAMS 0x0000000707a00000, 0x0000000707a00000| Untracked 
|  48|0x0000000707c00000, 0x0000000707c00000, 0x0000000707e00000|  0%| F|  |TAMS 0x0000000707c00000, 0x0000000707c00000| Untracked 
|  49|0x0000000707e00000, 0x0000000707f37540, 0x0000000708000000| 60%| S|CS|TAMS 0x0000000707e00000, 0x0000000707e00000| Complete 
|  50|0x0000000708000000, 0x0000000708000000, 0x0000000708200000|  0%| F|  |TAMS 0x0000000708000000, 0x0000000708000000| Untracked 
|  51|0x0000000708200000, 0x0000000708200000, 0x0000000708400000|  0%| F|  |TAMS 0x0000000708200000, 0x0000000708200000| Untracked 
|  52|0x0000000708400000, 0x0000000708400000, 0x0000000708600000|  0%| F|  |TAMS 0x0000000708400000, 0x0000000708400000| Untracked 
|  53|0x0000000708600000, 0x0000000708600000, 0x0000000708800000|  0%| F|  |TAMS 0x0000000708600000, 0x0000000708600000| Untracked 
|  54|0x0000000708800000, 0x0000000708800000, 0x0000000708a00000|  0%| F|  |TAMS 0x0000000708800000, 0x0000000708800000| Untracked 
|  55|0x0000000708a00000, 0x0000000708a00000, 0x0000000708c00000|  0%| F|  |TAMS 0x0000000708a00000, 0x0000000708a00000| Untracked 
|  56|0x0000000708c00000, 0x0000000708c00000, 0x0000000708e00000|  0%| F|  |TAMS 0x0000000708c00000, 0x0000000708c00000| Untracked 
|  57|0x0000000708e00000, 0x0000000708e00000, 0x0000000709000000|  0%| F|  |TAMS 0x0000000708e00000, 0x0000000708e00000| Untracked 
|  58|0x0000000709000000, 0x0000000709000000, 0x0000000709200000|  0%| F|  |TAMS 0x0000000709000000, 0x0000000709000000| Untracked 
|  59|0x0000000709200000, 0x0000000709200000, 0x0000000709400000|  0%| F|  |TAMS 0x0000000709200000, 0x0000000709200000| Untracked 
|  60|0x0000000709400000, 0x0000000709400000, 0x0000000709600000|  0%| F|  |TAMS 0x0000000709400000, 0x0000000709400000| Untracked 
|  61|0x0000000709600000, 0x0000000709600000, 0x0000000709800000|  0%| F|  |TAMS 0x0000000709600000, 0x0000000709600000| Untracked 
|  62|0x0000000709800000, 0x0000000709800000, 0x0000000709a00000|  0%| F|  |TAMS 0x0000000709800000, 0x0000000709800000| Untracked 
|  63|0x0000000709a00000, 0x0000000709a00000, 0x0000000709c00000|  0%| F|  |TAMS 0x0000000709a00000, 0x0000000709a00000| Untracked 
|  64|0x0000000709c00000, 0x0000000709c00000, 0x0000000709e00000|  0%| F|  |TAMS 0x0000000709c00000, 0x0000000709c00000| Untracked 
|  65|0x0000000709e00000, 0x0000000709e00000, 0x000000070a000000|  0%| F|  |TAMS 0x0000000709e00000, 0x0000000709e00000| Untracked 
|  66|0x000000070a000000, 0x000000070a000000, 0x000000070a200000|  0%| F|  |TAMS 0x000000070a000000, 0x000000070a000000| Untracked 
|  67|0x000000070a200000, 0x000000070a200000, 0x000000070a400000|  0%| F|  |TAMS 0x000000070a200000, 0x000000070a200000| Untracked 
|  68|0x000000070a400000, 0x000000070a400000, 0x000000070a600000|  0%| F|  |TAMS 0x000000070a400000, 0x000000070a400000| Untracked 
|  69|0x000000070a600000, 0x000000070a600000, 0x000000070a800000|  0%| F|  |TAMS 0x000000070a600000, 0x000000070a600000| Untracked 
|  70|0x000000070a800000, 0x000000070a800000, 0x000000070aa00000|  0%| F|  |TAMS 0x000000070a800000, 0x000000070a800000| Untracked 
|  71|0x000000070aa00000, 0x000000070aa00000, 0x000000070ac00000|  0%| F|  |TAMS 0x000000070aa00000, 0x000000070aa00000| Untracked 
|  72|0x000000070ac00000, 0x000000070ac00000, 0x000000070ae00000|  0%| F|  |TAMS 0x000000070ac00000, 0x000000070ac00000| Untracked 
|  73|0x000000070ae00000, 0x000000070ae00000, 0x000000070b000000|  0%| F|  |TAMS 0x000000070ae00000, 0x000000070ae00000| Untracked 
|  74|0x000000070b000000, 0x000000070b000000, 0x000000070b200000|  0%| F|  |TAMS 0x000000070b000000, 0x000000070b000000| Untracked 
|  75|0x000000070b200000, 0x000000070b200000, 0x000000070b400000|  0%| F|  |TAMS 0x000000070b200000, 0x000000070b200000| Untracked 
|  76|0x000000070b400000, 0x000000070b400000, 0x000000070b600000|  0%| F|  |TAMS 0x000000070b400000, 0x000000070b400000| Untracked 
|  77|0x000000070b600000, 0x000000070b600000, 0x000000070b800000|  0%| F|  |TAMS 0x000000070b600000, 0x000000070b600000| Untracked 
|  78|0x000000070b800000, 0x000000070b800000, 0x000000070ba00000|  0%| F|  |TAMS 0x000000070b800000, 0x000000070b800000| Untracked 
|  79|0x000000070ba00000, 0x000000070ba00000, 0x000000070bc00000|  0%| F|  |TAMS 0x000000070ba00000, 0x000000070ba00000| Untracked 
|  80|0x000000070bc00000, 0x000000070bc00000, 0x000000070be00000|  0%| F|  |TAMS 0x000000070bc00000, 0x000000070bc00000| Untracked 
|  81|0x000000070be00000, 0x000000070be00000, 0x000000070c000000|  0%| F|  |TAMS 0x000000070be00000, 0x000000070be00000| Untracked 
|  82|0x000000070c000000, 0x000000070c000000, 0x000000070c200000|  0%| F|  |TAMS 0x000000070c000000, 0x000000070c000000| Untracked 
|  83|0x000000070c200000, 0x000000070c200000, 0x000000070c400000|  0%| F|  |TAMS 0x000000070c200000, 0x000000070c200000| Untracked 
|  84|0x000000070c400000, 0x000000070c400000, 0x000000070c600000|  0%| F|  |TAMS 0x000000070c400000, 0x000000070c400000| Untracked 
|  85|0x000000070c600000, 0x000000070c600000, 0x000000070c800000|  0%| F|  |TAMS 0x000000070c600000, 0x000000070c600000| Untracked 
|  86|0x000000070c800000, 0x000000070c800000, 0x000000070ca00000|  0%| F|  |TAMS 0x000000070c800000, 0x000000070c800000| Untracked 
|  87|0x000000070ca00000, 0x000000070ca00000, 0x000000070cc00000|  0%| F|  |TAMS 0x000000070ca00000, 0x000000070ca00000| Untracked 
|  88|0x000000070cc00000, 0x000000070cc00000, 0x000000070ce00000|  0%| F|  |TAMS 0x000000070cc00000, 0x000000070cc00000| Untracked 
|  89|0x000000070ce00000, 0x000000070ce00000, 0x000000070d000000|  0%| F|  |TAMS 0x000000070ce00000, 0x000000070ce00000| Untracked 
|  90|0x000000070d000000, 0x000000070d000000, 0x000000070d200000|  0%| F|  |TAMS 0x000000070d000000, 0x000000070d000000| Untracked 
|  91|0x000000070d200000, 0x000000070d200000, 0x000000070d400000|  0%| F|  |TAMS 0x000000070d200000, 0x000000070d200000| Untracked 
|  92|0x000000070d400000, 0x000000070d400000, 0x000000070d600000|  0%| F|  |TAMS 0x000000070d400000, 0x000000070d400000| Untracked 
|  93|0x000000070d600000, 0x000000070d600000, 0x000000070d800000|  0%| F|  |TAMS 0x000000070d600000, 0x000000070d600000| Untracked 
|  94|0x000000070d800000, 0x000000070d800000, 0x000000070da00000|  0%| F|  |TAMS 0x000000070d800000, 0x000000070d800000| Untracked 
|  95|0x000000070da00000, 0x000000070da00000, 0x000000070dc00000|  0%| F|  |TAMS 0x000000070da00000, 0x000000070da00000| Untracked 
|  96|0x000000070dc00000, 0x000000070dc00000, 0x000000070de00000|  0%| F|  |TAMS 0x000000070dc00000, 0x000000070dc00000| Untracked 
|  97|0x000000070de00000, 0x000000070de00000, 0x000000070e000000|  0%| F|  |TAMS 0x000000070de00000, 0x000000070de00000| Untracked 
|  98|0x000000070e000000, 0x000000070e000000, 0x000000070e200000|  0%| F|  |TAMS 0x000000070e000000, 0x000000070e000000| Untracked 
|  99|0x000000070e200000, 0x000000070e200000, 0x000000070e400000|  0%| F|  |TAMS 0x000000070e200000, 0x000000070e200000| Untracked 
| 100|0x000000070e400000, 0x000000070e400000, 0x000000070e600000|  0%| F|  |TAMS 0x000000070e400000, 0x000000070e400000| Untracked 
| 101|0x000000070e600000, 0x000000070e600000, 0x000000070e800000|  0%| F|  |TAMS 0x000000070e600000, 0x000000070e600000| Untracked 
| 102|0x000000070e800000, 0x000000070e800000, 0x000000070ea00000|  0%| F|  |TAMS 0x000000070e800000, 0x000000070e800000| Untracked 
| 103|0x000000070ea00000, 0x000000070ea00000, 0x000000070ec00000|  0%| F|  |TAMS 0x000000070ea00000, 0x000000070ea00000| Untracked 
| 104|0x000000070ec00000, 0x000000070ec00000, 0x000000070ee00000|  0%| F|  |TAMS 0x000000070ec00000, 0x000000070ec00000| Untracked 
| 105|0x000000070ee00000, 0x000000070ee00000, 0x000000070f000000|  0%| F|  |TAMS 0x000000070ee00000, 0x000000070ee00000| Untracked 
| 106|0x000000070f000000, 0x000000070f000000, 0x000000070f200000|  0%| F|  |TAMS 0x000000070f000000, 0x000000070f000000| Untracked 
| 107|0x000000070f200000, 0x000000070f200000, 0x000000070f400000|  0%| F|  |TAMS 0x000000070f200000, 0x000000070f200000| Untracked 
| 108|0x000000070f400000, 0x000000070f400000, 0x000000070f600000|  0%| F|  |TAMS 0x000000070f400000, 0x000000070f400000| Untracked 
| 127|0x0000000711a00000, 0x0000000711a00000, 0x0000000711c00000|  0%| F|  |TAMS 0x0000000711a00000, 0x0000000711a00000| Untracked 

Card table byte_map: [0x00000273331a0000,0x00000273339a0000] _byte_map_base: 0x000002732f992000

Marking Bits (Prev, Next): (CMBitMap*) 0x000002731ffe8c70, (CMBitMap*) 0x000002731ffe8c30
 Prev Bits: [0x0000027338130000, 0x000002733c0c0000)
 Next Bits: [0x00000273341a0000, 0x0000027338130000)

Polling page: 0x000002731df50000

Metaspace:

Usage:
  Non-class:     75.29 MB used.
      Class:      9.36 MB used.
       Both:     84.65 MB used.

Virtual space:
  Non-class space:      128.00 MB reserved,      75.50 MB ( 59%) committed,  2 nodes.
      Class space:        1.00 GB reserved,       9.50 MB ( <1%) committed,  1 nodes.
             Both:        1.12 GB reserved,      85.00 MB (  7%) committed. 

Chunk freelists:
   Non-Class:  3.80 MB
       Class:  6.52 MB
        Both:  10.31 MB

MaxMetaspaceSize: unlimited
CompressedClassSpaceSize: 1.00 GB
Initial GC threshold: 21.00 MB
Current GC threshold: 136.06 MB
CDS: off
MetaspaceReclaimPolicy: balanced
 - commit_granule_bytes: 65536.
 - commit_granule_words: 8192.
 - virtual_space_node_default_size: 8388608.
 - enlarge_chunks_in_place: 1.
 - new_chunks_are_fully_committed: 0.
 - uncommit_free_chunks: 1.
 - use_allocation_guard: 0.
 - handle_deallocations: 1.


Internal statistics:

num_allocs_failed_limit: 6.
num_arena_births: 344.
num_arena_deaths: 0.
num_vsnodes_births: 3.
num_vsnodes_deaths: 0.
num_space_committed: 1358.
num_space_uncommitted: 0.
num_chunks_returned_to_freelist: 6.
num_chunks_taken_from_freelist: 3112.
num_chunk_merges: 6.
num_chunk_splits: 2603.
num_chunks_enlarged: 2336.
num_inconsistent_stats: 0.

CodeHeap 'non-profiled nmethods': size=120000Kb used=7142Kb max_used=7142Kb free=112857Kb
 bounds [0x000002732af20000, 0x000002732b620000, 0x0000027332450000]
CodeHeap 'profiled nmethods': size=120000Kb used=38090Kb max_used=38090Kb free=81909Kb
 bounds [0x0000027323450000, 0x00000273259a0000, 0x000002732a980000]
CodeHeap 'non-nmethods': size=5760Kb used=1417Kb max_used=1512Kb free=4342Kb
 bounds [0x000002732a980000, 0x000002732abf0000, 0x000002732af20000]
 total_blobs=13284 nmethods=12553 adapters=639
 compilation: enabled
              stopped_count=0, restarted_count=0
 full_count=0

Compilation events (20 events):
Event: 6.844 Thread 0x00000273430b7820 nmethod 14841 0x000002732b617c90 code [0x000002732b617e20, 0x000002732b617ef8]
Event: 6.844 Thread 0x00000273430b7820 14858  s    3       java.util.Vector::elementAt (48 bytes)
Event: 6.844 Thread 0x00000273430b7820 nmethod 14858 0x0000027325385e10 code [0x0000027325386060, 0x0000027325386968]
Event: 6.844 Thread 0x00000273430b7820 14852       1       org.jetbrains.org.objectweb.asm.tree.InsnList::getLast (5 bytes)
Event: 6.844 Thread 0x00000273430b7820 nmethod 14852 0x000002732b617f90 code [0x000002732b618120, 0x000002732b6181f8]
Event: 6.844 Thread 0x00000273430b7820 14856       1       org.jetbrains.kotlin.codegen.optimization.temporaryVals.StoreLoadFrame::getMaxLocals (5 bytes)
Event: 6.844 Thread 0x00000273430b7820 nmethod 14856 0x000002732b618290 code [0x000002732b618420, 0x000002732b6184f8]
Event: 6.844 Thread 0x00000273430b7820 14857       1       org.jetbrains.org.objectweb.asm.tree.TypeInsnNode::getType (2 bytes)
Event: 6.844 Thread 0x00000273430b7820 nmethod 14857 0x000002732b618590 code [0x000002732b618720, 0x000002732b6187f8]
Event: 6.844 Thread 0x00000273430b7820 14859       3       org.jetbrains.kotlin.ir.declarations.IrDeclarationOriginImpl::hashCode (8 bytes)
Event: 6.844 Thread 0x00000273430b7820 nmethod 14859 0x0000027325218e90 code [0x0000027325219040, 0x0000027325219228]
Event: 6.844 Thread 0x00000273430b7820 14860       3       org.jetbrains.kotlin.codegen.inline.MaxStackFrameSizeAndLocalsCalculator::processLabel (71 bytes)
Event: 6.845 Thread 0x00000273430b7820 nmethod 14860 0x0000027325384c90 code [0x0000027325384ee0, 0x00000273253859a8]
Event: 6.845 Thread 0x00000273430b7820 14861       3       org.jetbrains.kotlin.codegen.inline.MaxStackFrameSizeAndLocalsCalculator$LabelWrapper::<init> (36 bytes)
Event: 6.845 Thread 0x00000273430b7820 nmethod 14861 0x000002732537c410 code [0x000002732537c5e0, 0x000002732537ca98]
Event: 6.845 Thread 0x00000273430b7820 14862       3       org.jetbrains.kotlin.codegen.optimization.common.UtilKt::isOptimizationMarker (8 bytes)
Event: 6.845 Thread 0x00000273430b7820 nmethod 14862 0x000002732537b890 code [0x000002732537bac0, 0x000002732537c168]
Event: 6.845 Thread 0x00000273430b7820 14853       1       org.jetbrains.kotlin.ir.declarations.impl.IrClassImpl::getMetadata (5 bytes)
Event: 6.845 Thread 0x00000273430b7820 nmethod 14853 0x000002732b618890 code [0x000002732b618a20, 0x000002732b618af8]
Event: 6.845 Thread 0x00000273432f0fb0 nmethod 14845 0x000002732b618b90 code [0x000002732b618d80, 0x000002732b619388]

GC Heap History (20 events):
Event: 3.680 GC heap after
{Heap after GC invocations=22 (full 0):
 garbage-first heap   total 96256K, used 55769K [0x0000000701c00000, 0x0000000800000000)
  region size 2048K, 2 young (4096K), 2 survivors (4096K)
 Metaspace       used 63481K, committed 63744K, reserved 1114112K
  class space    used 7509K, committed 7680K, reserved 1048576K
}
Event: 3.852 GC heap before
{Heap before GC invocations=22 (full 0):
 garbage-first heap   total 96256K, used 74201K [0x0000000701c00000, 0x0000000800000000)
  region size 2048K, 11 young (22528K), 2 survivors (4096K)
 Metaspace       used 64260K, committed 64576K, reserved 1114112K
  class space    used 7566K, committed 7744K, reserved 1048576K
}
Event: 3.858 GC heap after
{Heap after GC invocations=23 (full 0):
 garbage-first heap   total 124928K, used 58245K [0x0000000701c00000, 0x0000000800000000)
  region size 2048K, 2 young (4096K), 2 survivors (4096K)
 Metaspace       used 64260K, committed 64576K, reserved 1114112K
  class space    used 7566K, committed 7744K, reserved 1048576K
}
Event: 4.614 GC heap before
{Heap before GC invocations=24 (full 0):
 garbage-first heap   total 124928K, used 93061K [0x0000000701c00000, 0x0000000800000000)
  region size 2048K, 19 young (38912K), 2 survivors (4096K)
 Metaspace       used 65776K, committed 66048K, reserved 1114112K
  class space    used 7580K, committed 7744K, reserved 1048576K
}
Event: 4.621 GC heap after
{Heap after GC invocations=25 (full 0):
 garbage-first heap   total 124928K, used 61764K [0x0000000701c00000, 0x0000000800000000)
  region size 2048K, 3 young (6144K), 3 survivors (6144K)
 Metaspace       used 65776K, committed 66048K, reserved 1114112K
  class space    used 7580K, committed 7744K, reserved 1048576K
}
Event: 5.119 GC heap before
{Heap before GC invocations=25 (full 0):
 garbage-first heap   total 124928K, used 86340K [0x0000000701c00000, 0x0000000800000000)
  region size 2048K, 16 young (32768K), 3 survivors (6144K)
 Metaspace       used 66266K, committed 66560K, reserved 1114112K
  class space    used 7582K, committed 7744K, reserved 1048576K
}
Event: 5.127 GC heap after
{Heap after GC invocations=26 (full 0):
 garbage-first heap   total 124928K, used 64472K [0x0000000701c00000, 0x0000000800000000)
  region size 2048K, 2 young (4096K), 2 survivors (4096K)
 Metaspace       used 66266K, committed 66560K, reserved 1114112K
  class space    used 7582K, committed 7744K, reserved 1048576K
}
Event: 5.456 GC heap before
{Heap before GC invocations=27 (full 0):
 garbage-first heap   total 124928K, used 97240K [0x0000000701c00000, 0x0000000800000000)
  region size 2048K, 17 young (34816K), 2 survivors (4096K)
 Metaspace       used 69865K, committed 70144K, reserved 1114112K
  class space    used 7935K, committed 8064K, reserved 1048576K
}
Event: 5.460 GC heap after
{Heap after GC invocations=28 (full 0):
 garbage-first heap   total 124928K, used 67584K [0x0000000701c00000, 0x0000000800000000)
  region size 2048K, 2 young (4096K), 2 survivors (4096K)
 Metaspace       used 69865K, committed 70144K, reserved 1114112K
  class space    used 7935K, committed 8064K, reserved 1048576K
}
Event: 5.789 GC heap before
{Heap before GC invocations=28 (full 0):
 garbage-first heap   total 124928K, used 98304K [0x0000000701c00000, 0x0000000800000000)
  region size 2048K, 17 young (34816K), 2 survivors (4096K)
 Metaspace       used 73732K, committed 74048K, reserved 1179648K
  class space    used 8303K, committed 8448K, reserved 1048576K
}
Event: 5.796 GC heap after
{Heap after GC invocations=29 (full 0):
 garbage-first heap   total 124928K, used 70901K [0x0000000701c00000, 0x0000000800000000)
  region size 2048K, 3 young (6144K), 3 survivors (6144K)
 Metaspace       used 73732K, committed 74048K, reserved 1179648K
  class space    used 8303K, committed 8448K, reserved 1048576K
}
Event: 6.125 GC heap before
{Heap before GC invocations=30 (full 0):
 garbage-first heap   total 131072K, used 97525K [0x0000000701c00000, 0x0000000800000000)
  region size 2048K, 16 young (32768K), 3 survivors (6144K)
 Metaspace       used 78177K, committed 78464K, reserved 1179648K
  class space    used 8777K, committed 8960K, reserved 1048576K
}
Event: 6.130 GC heap after
{Heap after GC invocations=31 (full 0):
 garbage-first heap   total 131072K, used 73371K [0x0000000701c00000, 0x0000000800000000)
  region size 2048K, 2 young (4096K), 2 survivors (4096K)
 Metaspace       used 78177K, committed 78464K, reserved 1179648K
  class space    used 8777K, committed 8960K, reserved 1048576K
}
Event: 6.398 GC heap before
{Heap before GC invocations=31 (full 0):
 garbage-first heap   total 131072K, used 102043K [0x0000000701c00000, 0x0000000800000000)
  region size 2048K, 16 young (32768K), 2 survivors (4096K)
 Metaspace       used 83225K, committed 83520K, reserved 1179648K
  class space    used 9317K, committed 9472K, reserved 1048576K
}
Event: 6.402 GC heap after
{Heap after GC invocations=32 (full 0):
 garbage-first heap   total 131072K, used 76085K [0x0000000701c00000, 0x0000000800000000)
  region size 2048K, 2 young (4096K), 2 survivors (4096K)
 Metaspace       used 83225K, committed 83520K, reserved 1179648K
  class space    used 9317K, committed 9472K, reserved 1048576K
}
Event: 6.541 GC heap before
{Heap before GC invocations=33 (full 0):
 garbage-first heap   total 133120K, used 102709K [0x0000000701c00000, 0x0000000800000000)
  region size 2048K, 16 young (32768K), 2 survivors (4096K)
 Metaspace       used 83638K, committed 83904K, reserved 1179648K
  class space    used 9333K, committed 9472K, reserved 1048576K
}
Event: 6.546 GC heap after
{Heap after GC invocations=34 (full 0):
 garbage-first heap   total 133120K, used 78122K [0x0000000701c00000, 0x0000000800000000)
  region size 2048K, 2 young (4096K), 2 survivors (4096K)
 Metaspace       used 83638K, committed 83904K, reserved 1179648K
  class space    used 9333K, committed 9472K, reserved 1048576K
}
Event: 6.555 GC heap before
{Heap before GC invocations=34 (full 0):
 garbage-first heap   total 133120K, used 80170K [0x0000000701c00000, 0x0000000800000000)
  region size 2048K, 3 young (6144K), 2 survivors (4096K)
 Metaspace       used 83662K, committed 83904K, reserved 1179648K
  class space    used 9333K, committed 9472K, reserved 1048576K
}
Event: 6.560 GC heap after
{Heap after GC invocations=35 (full 0):
 garbage-first heap   total 133120K, used 77600K [0x0000000701c00000, 0x0000000800000000)
  region size 2048K, 1 young (2048K), 1 survivors (2048K)
 Metaspace       used 83662K, committed 83904K, reserved 1179648K
  class space    used 9333K, committed 9472K, reserved 1048576K
}
Event: 6.846 GC heap before
{Heap before GC invocations=35 (full 0):
 garbage-first heap   total 133120K, used 106272K [0x0000000701c00000, 0x0000000800000000)
  region size 2048K, 15 young (30720K), 1 survivors (2048K)
 Metaspace       used 86684K, committed 87040K, reserved 1179648K
  class space    used 9583K, committed 9728K, reserved 1048576K
}

Dll operation events (2 events):
Event: 0.003 Loaded shared library C:\Program Files\Android\Android Studio\jbr\bin\java.dll
Event: 0.732 Loaded shared library C:\Program Files\Android\Android Studio\jbr\bin\verify.dll

Deoptimization events (20 events):
Event: 6.788 Thread 0x000002731ff79290 Uncommon trap: trap_request=0xffffffc6 fr.pc=0x000002732b417ef4 relative=0x00000000000000b4
Event: 6.788 Thread 0x000002731ff79290 Uncommon trap: reason=bimorphic_or_optimized_type_check action=maybe_recompile pc=0x000002732b417ef4 method=org.jetbrains.org.objectweb.asm.MethodVisitor.visitLineNumber(ILorg/jetbrains/org/objectweb/asm/Label;)V @ 13 c2
Event: 6.788 Thread 0x000002731ff79290 DEOPT PACKING pc=0x000002732b417ef4 sp=0x000000b61dbfde50
Event: 6.788 Thread 0x000002731ff79290 DEOPT UNPACKING pc=0x000002732a9da1a3 sp=0x000000b61dbfdde0 mode 2
Event: 6.788 Thread 0x000002731ff79290 Uncommon trap: trap_request=0xffffffc6 fr.pc=0x000002732b2b1d28 relative=0x0000000000001708
Event: 6.788 Thread 0x000002731ff79290 Uncommon trap: reason=bimorphic_or_optimized_type_check action=maybe_recompile pc=0x000002732b2b1d28 method=gnu.trove.THash.postInsertHook(Z)V @ 60 c2
Event: 6.788 Thread 0x000002731ff79290 DEOPT PACKING pc=0x000002732b2b1d28 sp=0x000000b61dbfdca0
Event: 6.788 Thread 0x000002731ff79290 DEOPT UNPACKING pc=0x000002732a9da1a3 sp=0x000000b61dbfdcc8 mode 2
Event: 6.796 Thread 0x000002731ff79290 Uncommon trap: trap_request=0xffffff45 fr.pc=0x000002732b0bbc38 relative=0x0000000000000238
Event: 6.796 Thread 0x000002731ff79290 Uncommon trap: reason=unstable_if action=reinterpret pc=0x000002732b0bbc38 method=java.util.HashMap.clear()V @ 23 c2
Event: 6.796 Thread 0x000002731ff79290 DEOPT PACKING pc=0x000002732b0bbc38 sp=0x000000b61dbfdc90
Event: 6.796 Thread 0x000002731ff79290 DEOPT UNPACKING pc=0x000002732a9da1a3 sp=0x000000b61dbfdc38 mode 2
Event: 6.809 Thread 0x000002731ff79290 Uncommon trap: trap_request=0xffffffc6 fr.pc=0x000002732b2b1d28 relative=0x0000000000001708
Event: 6.809 Thread 0x000002731ff79290 Uncommon trap: reason=bimorphic_or_optimized_type_check action=maybe_recompile pc=0x000002732b2b1d28 method=gnu.trove.THash.postInsertHook(Z)V @ 60 c2
Event: 6.809 Thread 0x000002731ff79290 DEOPT PACKING pc=0x000002732b2b1d28 sp=0x000000b61dbfda70
Event: 6.809 Thread 0x000002731ff79290 DEOPT UNPACKING pc=0x000002732a9da1a3 sp=0x000000b61dbfda98 mode 2
Event: 6.824 Thread 0x000002731ff79290 Uncommon trap: trap_request=0xffffff45 fr.pc=0x000002732afcf3c8 relative=0x0000000000000c28
Event: 6.824 Thread 0x000002731ff79290 Uncommon trap: reason=unstable_if action=reinterpret pc=0x000002732afcf3c8 method=org.jetbrains.kotlin.utils.SmartSet.add(Ljava/lang/Object;)Z @ 32 c2
Event: 6.824 Thread 0x000002731ff79290 DEOPT PACKING pc=0x000002732afcf3c8 sp=0x000000b61dbfd840
Event: 6.824 Thread 0x000002731ff79290 DEOPT UNPACKING pc=0x000002732a9da1a3 sp=0x000000b61dbfd808 mode 2

Classes unloaded (0 events):
No events

Classes redefined (0 events):
No events

Internal exceptions (20 events):
Event: 2.898 Thread 0x000002731ff79290 Implicit null exception at 0x000002732b15bc15 to 0x000002732b15d1d4
Event: 2.898 Thread 0x000002731ff79290 Implicit null exception at 0x000002732af87c58 to 0x000002732af87cee
Event: 2.922 Thread 0x000002731ff79290 Exception <a 'java/lang/NoSuchMethodError'{0x0000000706fb0f48}: 'java.lang.Object java.lang.invoke.DirectMethodHandle$Holder.invokeInterface(java.lang.Object, java.lang.Object, java.lang.Object)'> (0x0000000706fb0f48) 
thrown [s\src\hotspot\share\interpreter\linkResolver.cpp, line 771]
Event: 2.923 Thread 0x000002731ff79290 Exception <a 'java/lang/IncompatibleClassChangeError'{0x0000000706fb48b8}: Found class java.lang.Object, but interface was expected> (0x0000000706fb48b8) 
thrown [s\src\hotspot\share\interpreter\linkResolver.cpp, line 838]
Event: 2.934 Thread 0x000002731ff79290 Exception <a 'java/lang/NoSuchMethodError'{0x0000000706c87970}: 'int java.lang.invoke.DirectMethodHandle$Holder.invokeStaticInit(java.lang.Object, int)'> (0x0000000706c87970) 
thrown [s\src\hotspot\share\interpreter\linkResolver.cpp, line 771]
Event: 3.121 Thread 0x000002731ff79290 Exception <a 'java/lang/NoSuchMethodError'{0x00000007063d6e08}: 'java.lang.Object java.lang.invoke.DirectMethodHandle$Holder.invokeStatic(java.lang.Object, java.lang.Object, java.lang.Object, java.lang.Object, int)'> (0x00000007063d6e08) 
thrown [s\src\hotspot\share\interpreter\linkResolver.cpp, line 771]
Event: 3.121 Thread 0x000002731ff79290 Exception <a 'java/lang/NoSuchMethodError'{0x00000007063e0848}: 'java.lang.Object java.lang.invoke.DirectMethodHandle$Holder.newInvokeSpecial(java.lang.Object, java.lang.Object, java.lang.Object, java.lang.Object, int)'> (0x00000007063e0848) 
thrown [s\src\hotspot\share\interpreter\linkResolver.cpp, line 771]
Event: 3.121 Thread 0x000002731ff79290 Exception <a 'java/lang/NoSuchMethodError'{0x00000007063e8670}: 'java.lang.Object java.lang.invoke.Invokers$Holder.linkToTargetMethod(java.lang.Object, java.lang.Object, java.lang.Object, int, java.lang.Object)'> (0x00000007063e8670) 
thrown [s\src\hotspot\share\interpreter\linkResolver.cpp, line 771]
Event: 3.155 Thread 0x000002731ff79290 Exception <a 'java/lang/NoSuchMethodError'{0x0000000711a8af40}: 'void java.lang.invoke.DirectMethodHandle$Holder.invokeInterface(java.lang.Object, java.lang.Object)'> (0x0000000711a8af40) 
thrown [s\src\hotspot\share\interpreter\linkResolver.cpp, line 771]
Event: 3.260 Thread 0x000002731ff79290 Exception <a 'java/lang/IncompatibleClassChangeError'{0x0000000706f325e0}: Found class java.lang.Object, but interface was expected> (0x0000000706f325e0) 
thrown [s\src\hotspot\share\interpreter\linkResolver.cpp, line 838]
Event: 3.444 Thread 0x000002731ff79290 Exception <a 'java/lang/NoSuchMethodError'{0x0000000706531330}: 'java.lang.Object java.lang.invoke.DirectMethodHandle$Holder.invokeStatic(java.lang.Object, int, java.lang.Object)'> (0x0000000706531330) 
thrown [s\src\hotspot\share\interpreter\linkResolver.cpp, line 771]
Event: 3.448 Thread 0x000002731ff79290 Exception <a 'java/lang/NoSuchMethodError'{0x0000000706557588}: 'java.lang.Object java.lang.invoke.DirectMethodHandle$Holder.newInvokeSpecial(java.lang.Object, int, java.lang.Object, java.lang.Object)'> (0x0000000706557588) 
thrown [s\src\hotspot\share\interpreter\linkResolver.cpp, line 771]
Event: 3.682 Thread 0x000002731ff79290 Implicit null exception at 0x000002732b20b51c to 0x000002732b20c4a8
Event: 5.208 Thread 0x000002731ff79290 Implicit null exception at 0x000002732afbd10f to 0x000002732afbd38c
Event: 5.379 Thread 0x000002731ff79290 Implicit null exception at 0x000002732b4bb0b3 to 0x000002732b4bb224
Event: 5.402 Thread 0x000002731ff79290 Exception <a 'java/lang/NoSuchMethodError'{0x0000000707c0c5e0}: 'java.lang.Object java.lang.invoke.DirectMethodHandle$Holder.invokeStaticInit(java.lang.Object, java.lang.Object, java.lang.Object, java.lang.Object)'> (0x0000000707c0c5e0) 
thrown [s\src\hotspot\share\interpreter\linkResolver.cpp, line 771]
Event: 5.572 Thread 0x000002731ff79290 Exception <a 'java/lang/NoSuchMethodError'{0x00000007088e3480}: 'java.lang.Object java.lang.invoke.DirectMethodHandle$Holder.newInvokeSpecial(java.lang.Object, java.lang.Object, java.lang.Object, int, int)'> (0x00000007088e3480) 
thrown [s\src\hotspot\share\interpreter\linkResolver.cpp, line 771]
Event: 5.572 Thread 0x000002731ff79290 Exception <a 'java/lang/NoSuchMethodError'{0x00000007088e72c0}: 'java.lang.Object java.lang.invoke.DirectMethodHandle$Holder.invokeSpecial(java.lang.Object, java.lang.Object, java.lang.Object, java.lang.Object, int, int)'> (0x00000007088e72c0) 
thrown [s\src\hotspot\share\interpreter\linkResolver.cpp, line 771]
Event: 5.576 Thread 0x000002731ff79290 Exception <a 'java/lang/NoSuchMethodError'{0x0000000708922db8}: 'java.lang.Object java.lang.invoke.DirectMethodHandle$Holder.invokeSpecial(java.lang.Object, java.lang.Object, int, int, java.lang.Object, java.lang.Object, java.lang.Object, java.lang.Object, java.lang.Object)'> (0x0000000708922db8) 
thrown [s\src\hotspot\share\interpreter\linkResolver.cpp, line 771]
Event: 5.578 Thread 0x000002731ff79290 Implicit null exception at 0x000002732af8c519 to 0x000002732af8c800

VM Operations (20 events):
Event: 6.640 Executing VM operation: ICBufferFull done
Event: 6.690 Executing VM operation: ICBufferFull
Event: 6.690 Executing VM operation: ICBufferFull done
Event: 6.735 Executing VM operation: HandshakeAllThreads
Event: 6.735 Executing VM operation: HandshakeAllThreads done
Event: 6.737 Executing VM operation: ICBufferFull
Event: 6.738 Executing VM operation: ICBufferFull done
Event: 6.749 Executing VM operation: HandshakeAllThreads
Event: 6.749 Executing VM operation: HandshakeAllThreads done
Event: 6.754 Executing VM operation: HandshakeAllThreads
Event: 6.754 Executing VM operation: HandshakeAllThreads done
Event: 6.756 Executing VM operation: HandshakeAllThreads
Event: 6.756 Executing VM operation: HandshakeAllThreads done
Event: 6.757 Executing VM operation: HandshakeAllThreads
Event: 6.757 Executing VM operation: HandshakeAllThreads done
Event: 6.764 Executing VM operation: HandshakeAllThreads
Event: 6.764 Executing VM operation: HandshakeAllThreads done
Event: 6.805 Executing VM operation: HandshakeAllThreads
Event: 6.805 Executing VM operation: HandshakeAllThreads done
Event: 6.845 Executing VM operation: G1CollectForAllocation

Events (20 events):
Event: 6.748 Thread 0x00000273430e2b70 flushing nmethod 0x00000273253b8210
Event: 6.748 Thread 0x00000273430e2b70 flushing nmethod 0x00000273253bc810
Event: 6.748 Thread 0x00000273430e2b70 flushing nmethod 0x000002732540e090
Event: 6.748 Thread 0x00000273430e2b70 flushing nmethod 0x000002732540fb10
Event: 6.748 Thread 0x00000273430e2b70 flushing nmethod 0x0000027325414490
Event: 6.748 Thread 0x00000273430e2b70 flushing nmethod 0x0000027325415f90
Event: 6.748 Thread 0x00000273430e2b70 flushing nmethod 0x0000027325420790
Event: 6.748 Thread 0x00000273430e2b70 flushing nmethod 0x0000027325447b10
Event: 6.748 Thread 0x00000273430e2b70 flushing nmethod 0x0000027325456e10
Event: 6.748 Thread 0x00000273430e2b70 flushing nmethod 0x0000027325458f10
Event: 6.748 Thread 0x00000273430e2b70 flushing nmethod 0x000002732545b390
Event: 6.748 Thread 0x00000273430e2b70 flushing nmethod 0x000002732545e390
Event: 6.748 Thread 0x00000273430e2b70 flushing nmethod 0x0000027325463910
Event: 6.749 Thread 0x00000273430e2b70 flushing nmethod 0x000002732546f710
Event: 6.749 Thread 0x00000273430e2b70 flushing nmethod 0x0000027325470b90
Event: 6.749 Thread 0x00000273430e2b70 flushing nmethod 0x000002732547f390
Event: 6.802 loading class java/util/Vector$Itr
Event: 6.802 loading class java/util/Vector$Itr done
Event: 6.834 loading class java/util/regex/Pattern$Dollar
Event: 6.834 loading class java/util/regex/Pattern$Dollar done


Dynamic libraries:
0x00007ff6b1ea0000 - 0x00007ff6b1eaa000 	C:\Program Files\Android\Android Studio\jbr\bin\java.exe
0x00007ff8e5850000 - 0x00007ff8e5a66000 	C:\Windows\SYSTEM32\ntdll.dll
0x00007ff8e5140000 - 0x00007ff8e5204000 	C:\Windows\System32\KERNEL32.DLL
0x00007ff8e2c10000 - 0x00007ff8e2fb7000 	C:\Windows\System32\KERNELBASE.dll
0x00007ff8e3310000 - 0x00007ff8e3421000 	C:\Windows\System32\ucrtbase.dll
0x00007ff8cb3c0000 - 0x00007ff8cb3d7000 	C:\Program Files\Android\Android Studio\jbr\bin\jli.dll
0x00007ff8b17c0000 - 0x00007ff8b17db000 	C:\Program Files\Android\Android Studio\jbr\bin\VCRUNTIME140.dll
0x00007ff8e4db0000 - 0x00007ff8e4f5e000 	C:\Windows\System32\USER32.dll
0x00007ff8e3170000 - 0x00007ff8e3196000 	C:\Windows\System32\win32u.dll
0x00007ff8d19e0000 - 0x00007ff8d1c73000 	C:\Windows\WinSxS\amd64_microsoft.windows.common-controls_6595b64144ccf1df_6.0.22621.3235_none_270f74e173860f98\COMCTL32.dll
0x00007ff8e38a0000 - 0x00007ff8e38c9000 	C:\Windows\System32\GDI32.dll
0x00007ff8e5210000 - 0x00007ff8e52b7000 	C:\Windows\System32\msvcrt.dll
0x00007ff8e3430000 - 0x00007ff8e3549000 	C:\Windows\System32\gdi32full.dll
0x00007ff8e2b70000 - 0x00007ff8e2c0a000 	C:\Windows\System32\msvcp_win.dll
0x00007ff8e38d0000 - 0x00007ff8e3901000 	C:\Windows\System32\IMM32.DLL
0x00007ff8b17b0000 - 0x00007ff8b17bc000 	C:\Program Files\Android\Android Studio\jbr\bin\vcruntime140_1.dll
0x00007ff87b9f0000 - 0x00007ff87ba7d000 	C:\Program Files\Android\Android Studio\jbr\bin\msvcp140.dll
0x00007ff876800000 - 0x00007ff877483000 	C:\Program Files\Android\Android Studio\jbr\bin\server\jvm.dll
0x00007ff8e3770000 - 0x00007ff8e3822000 	C:\Windows\System32\ADVAPI32.dll
0x00007ff8e3910000 - 0x00007ff8e39b8000 	C:\Windows\System32\sechost.dll
0x00007ff8e3550000 - 0x00007ff8e3578000 	C:\Windows\System32\bcrypt.dll
0x00007ff8e4a50000 - 0x00007ff8e4b65000 	C:\Windows\System32\RPCRT4.dll
0x00007ff8e2510000 - 0x00007ff8e255d000 	C:\Windows\SYSTEM32\POWRPROF.dll
0x00007ff8d5750000 - 0x00007ff8d5784000 	C:\Windows\SYSTEM32\WINMM.dll
0x00007ff8dd640000 - 0x00007ff8dd649000 	C:\Windows\SYSTEM32\WSOCK32.dll
0x00007ff8e35e0000 - 0x00007ff8e3651000 	C:\Windows\System32\WS2_32.dll
0x00007ff8dce50000 - 0x00007ff8dce5a000 	C:\Windows\SYSTEM32\VERSION.dll
0x00007ff8e2480000 - 0x00007ff8e2493000 	C:\Windows\SYSTEM32\UMPDC.dll
0x00007ff8e1bb0000 - 0x00007ff8e1bc8000 	C:\Windows\SYSTEM32\kernel.appcore.dll
0x00007ff8d5970000 - 0x00007ff8d597a000 	C:\Program Files\Android\Android Studio\jbr\bin\jimage.dll
0x00007ff8d2640000 - 0x00007ff8d2873000 	C:\Windows\SYSTEM32\DBGHELP.DLL
0x00007ff8e52c0000 - 0x00007ff8e5648000 	C:\Windows\System32\combase.dll
0x00007ff8e39f0000 - 0x00007ff8e3ac7000 	C:\Windows\System32\OLEAUT32.dll
0x00007ff8cb360000 - 0x00007ff8cb392000 	C:\Windows\SYSTEM32\dbgcore.DLL
0x00007ff8e3080000 - 0x00007ff8e30f9000 	C:\Windows\System32\bcryptPrimitives.dll
0x00007ff8d3730000 - 0x00007ff8d3755000 	C:\Program Files\Android\Android Studio\jbr\bin\java.dll
0x00007ff8d3610000 - 0x00007ff8d3628000 	C:\Program Files\Android\Android Studio\jbr\bin\zip.dll
0x00007ff8e4140000 - 0x00007ff8e499c000 	C:\Windows\System32\SHELL32.dll
0x00007ff8e0ad0000 - 0x00007ff8e13c9000 	C:\Windows\SYSTEM32\windows.storage.dll
0x00007ff8e0990000 - 0x00007ff8e0ace000 	C:\Windows\SYSTEM32\wintypes.dll
0x00007ff8e3660000 - 0x00007ff8e3753000 	C:\Windows\System32\SHCORE.dll
0x00007ff8e3580000 - 0x00007ff8e35de000 	C:\Windows\System32\shlwapi.dll
0x00007ff8e2aa0000 - 0x00007ff8e2ac1000 	C:\Windows\SYSTEM32\profapi.dll
0x00007ff8d35f0000 - 0x00007ff8d3609000 	C:\Program Files\Android\Android Studio\jbr\bin\net.dll
0x00007ff8dd4e0000 - 0x00007ff8dd616000 	C:\Windows\SYSTEM32\WINHTTP.dll
0x00007ff8e2020000 - 0x00007ff8e2089000 	C:\Windows\system32\mswsock.dll
0x00007ff8cc0a0000 - 0x00007ff8cc0b6000 	C:\Program Files\Android\Android Studio\jbr\bin\nio.dll
0x00007ff8d39c0000 - 0x00007ff8d39d0000 	C:\Program Files\Android\Android Studio\jbr\bin\verify.dll

dbghelp: loaded successfully - version: 4.0.5 - missing functions: none
symbol engine: initialized successfully - sym options: 0x614 - pdb path: .;C:\Program Files\Android\Android Studio\jbr\bin;C:\Windows\SYSTEM32;C:\Windows\WinSxS\amd64_microsoft.windows.common-controls_6595b64144ccf1df_6.0.22621.3235_none_270f74e173860f98;C:\Program Files\Android\Android Studio\jbr\bin\server

VM Arguments:
java_command: org.jetbrains.kotlin.cli.jvm.K2JVMCompiler @F:\Kotlin\project5\app\build\20240517_10611442798905423242.compiler.options
java_class_path (initial): C:\Users\I\.gradle\caches\modules-2\files-2.1\org.jetbrains.kotlin\kotlin-compiler-embeddable\1.9.0\2c8c3a7402becca891f12739b3e9fd2dc2adbd7a\kotlin-compiler-embeddable-1.9.0.jar;C:\Users\I\.gradle\caches\modules-2\files-2.1\org.jetbrains.kotlin\kotlin-stdlib\1.9.0\8ee15ef0c67dc83d874f412d84378d7f0eb50b63\kotlin-stdlib-1.9.0.jar;C:\Users\I\.gradle\caches\modules-2\files-2.1\org.jetbrains.kotlin\kotlin-script-runtime\1.9.0\4b3102cbbb7e1b58d9d1adf89563f00069ffa7d1\kotlin-script-runtime-1.9.0.jar;C:\Users\I\.gradle\caches\modules-2\files-2.1\org.jetbrains.kotlin\kotlin-reflect\1.6.10\1cbe9c92c12a94eea200d23c2bbaedaf3daf5132\kotlin-reflect-1.6.10.jar;C:\Users\I\.gradle\caches\modules-2\files-2.1\org.jetbrains.kotlin\kotlin-daemon-embeddable\1.9.0\186543f5e28cf8d9a0290fecc2cf34301c40a65c\kotlin-daemon-embeddable-1.9.0.jar;C:\Users\I\.gradle\caches\modules-2\files-2.1\org.jetbrains.intellij.deps\trove4j\1.0.20200330\3afb14d5f9ceb459d724e907a21145e8ff394f02\trove4j-1.0.20200330.jar;C:\Users\I\.gradle\caches\modules-2\files-2.1\org.jetbrains.kotlin\kotlin-stdlib-common\1.9.0\cd65c21cfd1eec4d44ef09f9f52b6d9f8a720636\kotlin-stdlib-common-1.9.0.jar;C:\Users\I\.gradle\caches\modules-2\files-2.1\org.jetbrains\annotations\13.0\919f0dfe192fb4e063e7dacadee7f8bb9a2672a9\annotations-13.0.jar
Launcher Type: SUN_STANDARD

[Global flags]
     intx CICompilerCount                          = 4                                         {product} {ergonomic}
     uint ConcGCThreads                            = 3                                         {product} {ergonomic}
     uint G1ConcRefinementThreads                  = 10                                        {product} {ergonomic}
   size_t G1HeapRegionSize                         = 2097152                                   {product} {ergonomic}
    uintx GCDrainStackTargetSize                   = 64                                        {product} {ergonomic}
   size_t InitialHeapSize                          = 268435456                                 {product} {ergonomic}
   size_t MarkStackSize                            = 4194304                                   {product} {ergonomic}
   size_t MaxHeapSize                              = 4265607168                                {product} {ergonomic}
   size_t MaxNewSize                               = 2558525440                                {product} {ergonomic}
   size_t MinHeapDeltaBytes                        = 2097152                                   {product} {ergonomic}
   size_t MinHeapSize                              = 8388608                                   {product} {ergonomic}
    uintx NonNMethodCodeHeapSize                   = 5839372                                {pd product} {ergonomic}
    uintx NonProfiledCodeHeapSize                  = 122909434                              {pd product} {ergonomic}
    uintx ProfiledCodeHeapSize                     = 122909434                              {pd product} {ergonomic}
    uintx ReservedCodeCacheSize                    = 251658240                              {pd product} {ergonomic}
     bool SegmentedCodeCache                       = true                                      {product} {ergonomic}
   size_t SoftMaxHeapSize                          = 4265607168                             {manageable} {ergonomic}
     bool UseCompressedClassPointers               = true                           {product lp64_product} {ergonomic}
     bool UseCompressedOops                        = true                           {product lp64_product} {ergonomic}
     bool UseG1GC                                  = true                                      {product} {ergonomic}
     bool UseLargePagesIndividualAllocation        = false                                  {pd product} {ergonomic}

Logging:
Log output configuration:
 #0: stdout all=warning uptime,level,tags
 #1: stderr all=off uptime,level,tags

Environment Variables:
PATH=C:\Program Files (x86)\Common Files\Oracle\Java\javapath;C:\Program Files (x86)\NVIDIA Corporation\PhysX\Common;C:\Windows\system32;C:\Windows;C:\Windows\System32\Wbem;C:\Windows\System32\WindowsPowerShell\v1.0\;C:\Windows\System32\OpenSSH\;C:\Program Files\dotnet\;C:\Program Files\Git\cmd;C:\Users\I\AppData\Local\Microsoft\WindowsApps;C:\Users\I\.dotnet\tools
USERNAME=I
OS=Windows_NT
PROCESSOR_IDENTIFIER=Intel64 Family 6 Model 167 Stepping 1, GenuineIntel
TMP=C:\Users\I\AppData\Local\Temp
TEMP=C:\Users\I\AppData\Local\Temp



Periodic native trim disabled

JNI global refs:
JNI global refs: 11, weak refs: 0

JNI global refs memory usage: 843, weak refs: 841

OOME stack traces (most recent first):
Classloader memory used:
Loader jdk.internal.loader.ClassLoaders$AppClassLoader                                 : 9427K
Loader bootstrap                                                                       : 1387K
Loader jdk.internal.reflect.DelegatingClassLoader                                      : 21507B


---------------  S Y S T E M  ---------------

OS:
 Windows 11 , 64 bit Build 22621 (10.0.22621.3374)
OS uptime: 4 days 18:50 hours

CPU: total 12 (initial active 12) (6 cores per cpu, 2 threads per core) family 6 model 167 stepping 1 microcode 0x40, cx8, cmov, fxsr, ht, mmx, 3dnowpref, sse, sse2, sse3, ssse3, sse4.1, sse4.2, popcnt, lzcnt, tsc, tscinvbit, avx, avx2, aes, erms, clmul, bmi1, bmi2, adx, avx512f, avx512dq, avx512cd, avx512bw, avx512vl, sha, fma, vzeroupper, avx512_vpopcntdq, avx512_vpclmulqdq, avx512_vaes, avx512_vnni, clflush, clflushopt, avx512_vbmi2, avx512_vbmi
Processor Information for all 12 processors :
  Max Mhz: 2592, Current Mhz: 2592, Mhz Limit: 2592

Memory: 4k page, system-wide physical 16265M (3550M free)
TotalPageFile size 18313M (AvailPageFile size 34M)
current process WorkingSet (physical memory assigned to process): 385M, peak: 390M
current process commit charge ("private bytes"): 518M, peak: 556M

vm_info: OpenJDK 64-Bit Server VM (17.0.9+0--11185874) for windows-amd64 JRE (17.0.9+0--11185874), built on Dec  6 2023 18:57:44 by "androidbuild" with MS VC++ 16.10 / 16.11 (VS2019)

END.
